2024-11-16 23:55:00 - Method: GET
2024-11-16 23:56:08 - Method: GET
2024-11-16 23:56:14 - Method: DELETE
2024-11-16 23:56:40 - Method: GET
2024-11-16 23:56:40 - Method: POST
2024-11-16 23:56:40 - Input: {
    "cvr_number":  "28856636"
}
2024-11-17 00:05:22 - Method: GET
2024-11-17 00:09:25 - Method: GET
2024-11-17 00:09:32 - Method: GET
2024-11-17 00:09:53 - Method: POST
2024-11-17 00:09:53 - Input: {"cvr_number":"28856636"}
2024-11-17 00:10:03 - Method: DELETE
2024-11-17 00:10:03 - Method: GET
2024-11-17 00:10:05 - Method: POST
2024-11-17 00:10:05 - Input: {"cvr_number":"28856636"}
2024-11-17 00:10:06 - Method: GET
2024-11-17 00:14:01 - Method: GET
2024-11-17 00:14:20 - Method: GET
